#
# There is insufficient memory for the Java Runtime Environment to continue.
# Native memory allocation (malloc) failed to allocate 32744 bytes for ChunkPool::allocate
# Possible reasons:
#   The system is out of physical RAM or swap space
#   In 32 bit mode, the process size limit was hit
# Possible solutions:
#   Reduce memory load on the system
#   Increase physical memory or swap space
#   Check if swap backing store is full
#   Use 64 bit Java on a 64 bit OS
#   Decrease Java heap size (-Xmx/-Xms)
#   Decrease number of Java threads
#   Decrease Java thread stack sizes (-Xss)
#   Set larger code cache with -XX:ReservedCodeCacheSize=
# This output file may be truncated or incomplete.
#
#  Out of Memory Error (allocation.cpp:273), pid=5788, tid=0x0000000000002838
#
# JRE version: OpenJDK Runtime Environment (8.0_152-b02) (build 1.8.0_152-release-1024-b02)
# Java VM: OpenJDK 64-Bit Server VM (25.152-b02 mixed mode windows-amd64 compressed oops)
# Failed to write core dump. Minidumps are not enabled by default on client versions of Windows
#

---------------  T H R E A D  ---------------

Current thread (0x000000001891c000):  JavaThread "C2 CompilerThread0" daemon [_thread_in_native, id=10296, stack(0x00000000190e0000,0x00000000191e0000)]

Stack: [0x00000000190e0000,0x00000000191e0000]
[error occurred during error reporting (printing stack bounds), id 0xc0000005]

Native frames: (J=compiled Java code, j=interpreted, Vv=VM code, C=native code)


Current CompileTask:
C2:  20997 7635   !   4       org.gradle.api.internal.ClassGeneratorBackedInstantiator::newInstance (40 bytes)


---------------  P R O C E S S  ---------------

Java Threads: ( => current thread )
  0x0000000018934000 JavaThread "build operations Thread 8" [_thread_blocked, id=13928, stack(0x00000000268b0000,0x00000000269b0000)]
  0x0000000018933000 JavaThread "build operations Thread 7" [_thread_blocked, id=15472, stack(0x00000000267b0000,0x00000000268b0000)]
  0x0000000018932800 JavaThread "build operations Thread 6" [_thread_blocked, id=5860, stack(0x00000000266b0000,0x00000000267b0000)]
  0x000000001ada4000 JavaThread "build operations Thread 5" [_thread_blocked, id=13068, stack(0x00000000265b0000,0x00000000266b0000)]
  0x000000001ada1000 JavaThread "build operations Thread 4" [_thread_blocked, id=5936, stack(0x00000000264b0000,0x00000000265b0000)]
  0x000000001ada2800 JavaThread "build operations Thread 3" [_thread_blocked, id=12268, stack(0x00000000263b0000,0x00000000264b0000)]
  0x000000001ada1800 JavaThread "build operations Thread 2" [_thread_blocked, id=4168, stack(0x00000000262b0000,0x00000000263b0000)]
  0x000000001ada3000 JavaThread "build operations" [_thread_blocked, id=11644, stack(0x00000000261b0000,0x00000000262b0000)]
  0x000000001ada0000 JavaThread "Cache worker for Artifact transforms cache (C:\Users\Erick Rosete\.gradle\caches\transforms-1)" [_thread_blocked, id=15332, stack(0x00000000260b0000,0x00000000261b0000)]
  0x000000001ad97000 JavaThread "Cache worker for file hash cache (C:\Users\Erick Rosete\flutter\app_nutricion\android\.gradle\4.1\fileHashes)" [_thread_blocked, id=10572, stack(0x0000000025fb0000,0x00000000260b0000)]
  0x000000001ad96800 JavaThread "Stdin handler" [_thread_blocked, id=924, stack(0x0000000025eb0000,0x0000000025fb0000)]
  0x000000001ad95800 JavaThread "Asynchronous log dispatcher for DefaultDaemonConnection: socket connection from /127.0.0.1:61662 to /127.0.0.1:61702" [_thread_blocked, id=7604, stack(0x0000000025db0000,0x0000000025eb0000)]
  0x000000001ad9c800 JavaThread "Cancel handler" [_thread_blocked, id=5088, stack(0x0000000025cb0000,0x0000000025db0000)]
  0x000000001ad95000 JavaThread "Handler for socket connection from /127.0.0.1:61662 to /127.0.0.1:61702" [_thread_in_native, id=1180, stack(0x0000000025bb0000,0x0000000025cb0000)]
  0x000000001ad9e000 JavaThread "Memory manager" [_thread_blocked, id=6636, stack(0x0000000022f80000,0x0000000023080000)]
  0x0000000019e82000 JavaThread "File lock request listener" [_thread_in_native, id=16276, stack(0x000000001c130000,0x000000001c230000)]
  0x0000000019bbc800 JavaThread "Cache worker for file hash cache (C:\Users\Erick Rosete\.gradle\caches\4.1\fileHashes)" [_thread_blocked, id=11968, stack(0x000000001c030000,0x000000001c130000)]
  0x000000001a7a3800 JavaThread "Daemon worker" [_thread_in_Java, id=1144, stack(0x000000001bc30000,0x000000001bd30000)]
  0x000000001a6d3800 JavaThread "Daemon" [_thread_blocked, id=14428, stack(0x000000001b730000,0x000000001b830000)]
  0x000000001a6b6800 JavaThread "Daemon periodic checks" [_thread_blocked, id=12648, stack(0x000000001b630000,0x000000001b730000)]
  0x000000001a6ae800 JavaThread "Incoming local TCP Connector on port 61662" [_thread_in_native, id=8916, stack(0x000000001b3f0000,0x000000001b4f0000)]
  0x00000000189b9000 JavaThread "Service Thread" daemon [_thread_blocked, id=14744, stack(0x00000000194e0000,0x00000000195e0000)]
  0x0000000018939000 JavaThread "C1 CompilerThread3" daemon [_thread_in_native, id=9384, stack(0x00000000193e0000,0x00000000194e0000)]
  0x0000000018928800 JavaThread "C2 CompilerThread2" daemon [_thread_in_native, id=13700, stack(0x00000000192e0000,0x00000000193e0000)]
  0x000000001891e000 JavaThread "C2 CompilerThread1" daemon [_thread_in_native, id=3268, stack(0x00000000191e0000,0x00000000192e0000)]
=>0x000000001891c000 JavaThread "C2 CompilerThread0" daemon [_thread_in_native, id=10296, stack(0x00000000190e0000,0x00000000191e0000)]
  0x0000000018918800 JavaThread "Attach Listener" daemon [_thread_blocked, id=3676, stack(0x0000000018fe0000,0x00000000190e0000)]
  0x0000000018917800 JavaThread "Signal Dispatcher" daemon [_thread_blocked, id=16872, stack(0x0000000018ee0000,0x0000000018fe0000)]
  0x0000000018911800 JavaThread "Finalizer" daemon [_thread_blocked, id=828, stack(0x0000000018cf0000,0x0000000018df0000)]
  0x0000000002c59000 JavaThread "Reference Handler" daemon [_thread_blocked, id=16404, stack(0x00000000187f0000,0x00000000188f0000)]
  0x0000000002b5e800 JavaThread "main" [_thread_blocked, id=11408, stack(0x00000000029f0000,0x0000000002af0000)]

Other Threads:
  0x0000000016a15800 VMThread [stack: 0x00000000186f0000,0x00000000187f0000] [id=10076]
  0x00000000189ba800 WatcherThread [stack: 0x00000000195e0000,0x00000000196e0000] [id=10412]

VM state:not at safepoint (normal execution)

VM Mutex/Monitor currently owned by a thread:  ([mutex/lock_event])
[0x0000000002b5dc70] CodeCache_lock - owner thread: 0x0000000018939000
[0x0000000002b61760] Compile_lock - owner thread: 0x0000000000000000

Heap:
 PSYoungGen      total 195584K, used 152766K [0x00000000e0000000, 0x00000000ed980000, 0x0000000100000000)
  eden space 181248K, 76% used [0x00000000e0000000,0x00000000e8730520,0x00000000eb100000)
  from space 14336K, 99% used [0x00000000ec400000,0x00000000ed1ff378,0x00000000ed200000)
  to   space 19456K, 0% used [0x00000000eb100000,0x00000000eb100000,0x00000000ec400000)
 ParOldGen       total 61952K, used 25387K [0x00000000a0000000, 0x00000000a3c80000, 0x00000000e0000000)
  object space 61952K, 40% used [0x00000000a0000000,0x00000000a18caeb8,0x00000000a3c80000)
 Metaspace       used 56259K, capacity 58808K, committed 59028K, reserved 1099776K
  class space    used 7510K, capacity 8111K, committed 8192K, reserved 1048576K

Card table byte_map: [0x0000000012020000,0x0000000012330000] byte_map_base: 0x0000000011b20000

Marking Bits: (ParMarkBitMap*) 0x0000000056184970
 Begin Bits: [0x0000000012d30000, 0x0000000014530000)
 End Bits:   [0x0000000014530000, 0x0000000015d30000)

Polling page: 0x0000000001190000

CodeCache: size=245760Kb used=24020Kb max_used=24032Kb free=221739Kb
 bounds [0x0000000002c60000, 0x00000000043f0000, 0x0000000011c60000]
 total_blobs=7961 nmethods=7184 adapters=689
 compilation: enabled

Compilation events (10 events):
Event: 20.990 Thread 0x0000000018939000 nmethod 7637 0x00000000043dbd10 code [0x00000000043dbfe0, 0x00000000043dd598]
Event: 20.990 Thread 0x0000000018939000 7638       3       org.gradle.api.internal.plugins.ExtensionsStorage$ExtensionHolder::<init> (15 bytes)
Event: 20.990 Thread 0x0000000018939000 nmethod 7638 0x00000000043d8cd0 code [0x00000000043d8e20, 0x00000000043d8ff0]
Event: 20.990 Thread 0x0000000018939000 7639       3       org.gradle.api.internal.ExtensibleDynamicObject::updateDelegates (149 bytes)
Event: 20.991 Thread 0x0000000018939000 nmethod 7639 0x00000000043de3d0 code [0x00000000043de5c0, 0x00000000043df558]
Event: 20.991 Thread 0x0000000018939000 7641       3       groovyjarjarasm.asm.MethodWriter::a (38 bytes)
Event: 20.991 Thread 0x0000000018939000 nmethod 7641 0x00000000043db6d0 code [0x00000000043db840, 0x00000000043dbaf0]
Event: 20.991 Thread 0x0000000018939000 7640       1       com.android.builder.core.DefaultProductFlavor::getVersionCode (5 bytes)
Event: 20.991 Thread 0x0000000018939000 nmethod 7640 0x00000000043df950 code [0x00000000043dfaa0, 0x00000000043dfbb0]
Event: 20.993 Thread 0x0000000018939000 7643   !   3       org.gradle.internal.metaobject.ConfigureDelegate::invokeMethod (212 bytes)

GC Heap History (10 events):
Event: 7.557 GC heap before
{Heap before GC invocations=8 (full 1):
 PSYoungGen      total 73728K, used 68488K [0x00000000e0000000, 0x00000000e5400000, 0x0000000100000000)
  eden space 64512K, 100% used [0x00000000e0000000,0x00000000e3f00000,0x00000000e3f00000)
  from space 9216K, 43% used [0x00000000e4b00000,0x00000000e4ee23a8,0x00000000e5400000)
  to   space 10752K, 0% used [0x00000000e3f00000,0x00000000e3f00000,0x00000000e4980000)
 ParOldGen       total 46592K, used 6724K [0x00000000a0000000, 0x00000000a2d80000, 0x00000000e0000000)
  object space 46592K, 14% used [0x00000000a0000000,0x00000000a06911e0,0x00000000a2d80000)
 Metaspace       used 27997K, capacity 28348K, committed 28416K, reserved 1073152K
  class space    used 3878K, capacity 4032K, committed 4096K, reserved 1048576K
Event: 7.563 GC heap after
Heap after GC invocations=8 (full 1):
 PSYoungGen      total 75264K, used 7599K [0x00000000e0000000, 0x00000000e9100000, 0x0000000100000000)
  eden space 64512K, 0% used [0x00000000e0000000,0x00000000e0000000,0x00000000e3f00000)
  from space 10752K, 70% used [0x00000000e3f00000,0x00000000e466bfa0,0x00000000e4980000)
  to   space 11264K, 0% used [0x00000000e8600000,0x00000000e8600000,0x00000000e9100000)
 ParOldGen       total 46592K, used 6732K [0x00000000a0000000, 0x00000000a2d80000, 0x00000000e0000000)
  object space 46592K, 14% used [0x00000000a0000000,0x00000000a06931e0,0x00000000a2d80000)
 Metaspace       used 27997K, capacity 28348K, committed 28416K, reserved 1073152K
  class space    used 3878K, capacity 4032K, committed 4096K, reserved 1048576K
}
Event: 10.354 GC heap before
{Heap before GC invocations=9 (full 1):
 PSYoungGen      total 75264K, used 66970K [0x00000000e0000000, 0x00000000e9100000, 0x0000000100000000)
  eden space 64512K, 92% used [0x00000000e0000000,0x00000000e39faa28,0x00000000e3f00000)
  from space 10752K, 70% used [0x00000000e3f00000,0x00000000e466bfa0,0x00000000e4980000)
  to   space 11264K, 0% used [0x00000000e8600000,0x00000000e8600000,0x00000000e9100000)
 ParOldGen       total 46592K, used 6732K [0x00000000a0000000, 0x00000000a2d80000, 0x00000000e0000000)
  object space 46592K, 14% used [0x00000000a0000000,0x00000000a06931e0,0x00000000a2d80000)
 Metaspace       used 34833K, capacity 35412K, committed 35416K, reserved 1079296K
  class space    used 4765K, capacity 4989K, committed 4992K, reserved 1048576K
Event: 10.362 GC heap after
Heap after GC invocations=9 (full 1):
 PSYoungGen      total 135680K, used 11177K [0x00000000e0000000, 0x00000000e9300000, 0x0000000100000000)
  eden space 124416K, 0% used [0x00000000e0000000,0x00000000e0000000,0x00000000e7980000)
  from space 11264K, 99% used [0x00000000e8600000,0x00000000e90ea730,0x00000000e9100000)
  to   space 12800K, 0% used [0x00000000e7980000,0x00000000e7980000,0x00000000e8600000)
 ParOldGen       total 46592K, used 6740K [0x00000000a0000000, 0x00000000a2d80000, 0x00000000e0000000)
  object space 46592K, 14% used [0x00000000a0000000,0x00000000a06951e0,0x00000000a2d80000)
 Metaspace       used 34833K, capacity 35412K, committed 35416K, reserved 1079296K
  class space    used 4765K, capacity 4989K, committed 4992K, reserved 1048576K
}
Event: 10.362 GC heap before
{Heap before GC invocations=10 (full 2):
 PSYoungGen      total 135680K, used 11177K [0x00000000e0000000, 0x00000000e9300000, 0x0000000100000000)
  eden space 124416K, 0% used [0x00000000e0000000,0x00000000e0000000,0x00000000e7980000)
  from space 11264K, 99% used [0x00000000e8600000,0x00000000e90ea730,0x00000000e9100000)
  to   space 12800K, 0% used [0x00000000e7980000,0x00000000e7980000,0x00000000e8600000)
 ParOldGen       total 46592K, used 6740K [0x00000000a0000000, 0x00000000a2d80000, 0x00000000e0000000)
  object space 46592K, 14% used [0x00000000a0000000,0x00000000a06951e0,0x00000000a2d80000)
 Metaspace       used 34833K, capacity 35412K, committed 35416K, reserved 1079296K
  class space    used 4765K, capacity 4989K, committed 4992K, reserved 1048576K
Event: 10.440 GC heap after
Heap after GC invocations=10 (full 2):
 PSYoungGen      total 135680K, used 0K [0x00000000e0000000, 0x00000000e9300000, 0x0000000100000000)
  eden space 124416K, 0% used [0x00000000e0000000,0x00000000e0000000,0x00000000e7980000)
  from space 11264K, 0% used [0x00000000e8600000,0x00000000e8600000,0x00000000e9100000)
  to   space 12800K, 0% used [0x00000000e7980000,0x00000000e7980000,0x00000000e8600000)
 ParOldGen       total 61952K, used 17438K [0x00000000a0000000, 0x00000000a3c80000, 0x00000000e0000000)
  object space 61952K, 28% used [0x00000000a0000000,0x00000000a11078a0,0x00000000a3c80000)
 Metaspace       used 34833K, capacity 35412K, committed 35416K, reserved 1079296K
  class space    used 4765K, capacity 4989K, committed 4992K, reserved 1048576K
}
Event: 12.948 GC heap before
{Heap before GC invocations=11 (full 2):
 PSYoungGen      total 135680K, used 124416K [0x00000000e0000000, 0x00000000e9300000, 0x0000000100000000)
  eden space 124416K, 100% used [0x00000000e0000000,0x00000000e7980000,0x00000000e7980000)
  from space 11264K, 0% used [0x00000000e8600000,0x00000000e8600000,0x00000000e9100000)
  to   space 12800K, 0% used [0x00000000e7980000,0x00000000e7980000,0x00000000e8600000)
 ParOldGen       total 61952K, used 17438K [0x00000000a0000000, 0x00000000a3c80000, 0x00000000e0000000)
  object space 61952K, 28% used [0x00000000a0000000,0x00000000a11078a0,0x00000000a3c80000)
 Metaspace       used 39725K, capacity 40654K, committed 40792K, reserved 1085440K
  class space    used 5418K, capacity 5742K, committed 5760K, reserved 1048576K
Event: 12.961 GC heap after
Heap after GC invocations=11 (full 2):
 PSYoungGen      total 137216K, used 12773K [0x00000000e0000000, 0x00000000ed200000, 0x0000000100000000)
  eden space 124416K, 0% used [0x00000000e0000000,0x00000000e0000000,0x00000000e7980000)
  from space 12800K, 99% used [0x00000000e7980000,0x00000000e85f97e8,0x00000000e8600000)
  to   space 14336K, 0% used [0x00000000ec400000,0x00000000ec400000,0x00000000ed200000)
 ParOldGen       total 61952K, used 17478K [0x00000000a0000000, 0x00000000a3c80000, 0x00000000e0000000)
  object space 61952K, 28% used [0x00000000a0000000,0x00000000a11118a0,0x00000000a3c80000)
 Metaspace       used 39725K, capacity 40654K, committed 40792K, reserved 1085440K
  class space    used 5418K, capacity 5742K, committed 5760K, reserved 1048576K
}
Event: 14.903 GC heap before
{Heap before GC invocations=12 (full 2):
 PSYoungGen      total 137216K, used 137189K [0x00000000e0000000, 0x00000000ed200000, 0x0000000100000000)
  eden space 124416K, 100% used [0x00000000e0000000,0x00000000e7980000,0x00000000e7980000)
  from space 12800K, 99% used [0x00000000e7980000,0x00000000e85f97e8,0x00000000e8600000)
  to   space 14336K, 0% used [0x00000000ec400000,0x00000000ec400000,0x00000000ed200000)
 ParOldGen       total 61952K, used 17478K [0x00000000a0000000, 0x00000000a3c80000, 0x00000000e0000000)
  object space 61952K, 28% used [0x00000000a0000000,0x00000000a11118a0,0x00000000a3c80000)
 Metaspace       used 50253K, capacity 51996K, committed 52184K, reserved 1093632K
  class space    used 6858K, capacity 7336K, committed 7424K, reserved 1048576K
Event: 14.925 GC heap after
Heap after GC invocations=12 (full 2):
 PSYoungGen      total 195584K, used 14332K [0x00000000e0000000, 0x00000000ed980000, 0x0000000100000000)
  eden space 181248K, 0% used [0x00000000e0000000,0x00000000e0000000,0x00000000eb100000)
  from space 14336K, 99% used [0x00000000ec400000,0x00000000ed1ff378,0x00000000ed200000)
  to   space 19456K, 0% used [0x00000000eb100000,0x00000000eb100000,0x00000000ec400000)
 ParOldGen       total 61952K, used 25387K [0x00000000a0000000, 0x00000000a3c80000, 0x00000000e0000000)
  object space 61952K, 40% used [0x00000000a0000000,0x00000000a18caeb8,0x00000000a3c80000)
 Metaspace       used 50253K, capacity 51996K, committed 52184K, reserved 1093632K
  class space    used 6858K, capacity 7336K, committed 7424K, reserved 1048576K
}

Deoptimization events (10 events):
Event: 16.424 Thread 0x000000001a7a3800 Uncommon trap: reason=bimorphic action=maybe_recompile pc=0x000000000414f2f4 method=java.util.HashMap.removeNode(ILjava/lang/Object;Ljava/lang/Object;ZZ)Ljava/util/HashMap$Node; @ 68
Event: 16.455 Thread 0x000000001a6d3800 Uncommon trap: reason=unstable_if action=reinterpret pc=0x000000000428c9f4 method=java.lang.String.valueOf(Ljava/lang/Object;)Ljava/lang/String; @ 1
Event: 16.461 Thread 0x000000001a634000 Uncommon trap: reason=unstable_if action=reinterpret pc=0x00000000034fb174 method=com.esotericsoftware.kryo.io.Input.require(I)I @ 117
Event: 16.462 Thread 0x000000001a6d3800 Uncommon trap: reason=unstable_if action=reinterpret pc=0x0000000003908948 method=java.util.HashMap$HashIterator.<init>(Ljava/util/HashMap;)V @ 45
Event: 16.462 Thread 0x000000001a6d3800 Uncommon trap: reason=unstable_if action=reinterpret pc=0x0000000003c8f30c method=java.util.HashMap$HashIterator.<init>(Ljava/util/HashMap;)V @ 45
Event: 20.703 Thread 0x000000001a7a3800 Uncommon trap: reason=class_check action=maybe_recompile pc=0x00000000041376f4 method=com.google.common.collect.AbstractMapBasedMultimap.put(Ljava/lang/Object;Ljava/lang/Object;)Z @ 10
Event: 20.908 Thread 0x000000001a7a3800 Uncommon trap: reason=class_check action=maybe_recompile pc=0x0000000004364320 method=com.google.common.collect.Iterators$5.hasNext()Z @ 7
Event: 20.908 Thread 0x000000001a7a3800 Uncommon trap: reason=class_check action=maybe_recompile pc=0x0000000004364320 method=com.google.common.collect.Iterators$5.hasNext()Z @ 7
Event: 20.908 Thread 0x000000001a7a3800 Uncommon trap: reason=class_check action=maybe_recompile pc=0x0000000004364320 method=com.google.common.collect.Iterators$5.hasNext()Z @ 7
Event: 20.908 Thread 0x000000001a7a3800 Uncommon trap: reason=class_check action=maybe_recompile pc=0x0000000004364320 method=com.google.common.collect.Iterators$5.hasNext()Z @ 7

Classes redefined (0 events):
No events

Internal exceptions (10 events):
Event: 20.896 Thread 0x000000001a7a3800 Exception <a 'sun/nio/fs/WindowsException'> (0x00000000e7a75f88) thrown at [D:\src\AOSP-openjdk-cygwin\jdk8u\hotspot\src\share\vm\prims\jni.cpp, line 709]
Event: 20.896 Thread 0x000000001a7a3800 Exception <a 'sun/nio/fs/WindowsException'> (0x00000000e7a77218) thrown at [D:\src\AOSP-openjdk-cygwin\jdk8u\hotspot\src\share\vm\prims\jni.cpp, line 709]
Event: 20.896 Thread 0x000000001a7a3800 Exception <a 'sun/nio/fs/WindowsException'> (0x00000000e7a7bc18) thrown at [D:\src\AOSP-openjdk-cygwin\jdk8u\hotspot\src\share\vm\prims\jni.cpp, line 709]
Event: 20.896 Thread 0x000000001a7a3800 Exception <a 'sun/nio/fs/WindowsException'> (0x00000000e7a7cc10) thrown at [D:\src\AOSP-openjdk-cygwin\jdk8u\hotspot\src\share\vm\prims\jni.cpp, line 709]
Event: 20.896 Thread 0x000000001a7a3800 Exception <a 'sun/nio/fs/WindowsException'> (0x00000000e7a7f3e8) thrown at [D:\src\AOSP-openjdk-cygwin\jdk8u\hotspot\src\share\vm\prims\jni.cpp, line 709]
Event: 20.896 Thread 0x000000001a7a3800 Exception <a 'sun/nio/fs/WindowsException'> (0x00000000e7a80600) thrown at [D:\src\AOSP-openjdk-cygwin\jdk8u\hotspot\src\share\vm\prims\jni.cpp, line 709]
Event: 20.897 Thread 0x000000001a7a3800 Exception <a 'sun/nio/fs/WindowsException'> (0x00000000e7a841f8) thrown at [D:\src\AOSP-openjdk-cygwin\jdk8u\hotspot\src\share\vm\prims\jni.cpp, line 709]
Event: 20.897 Thread 0x000000001a7a3800 Exception <a 'sun/nio/fs/WindowsException'> (0x00000000e7a85450) thrown at [D:\src\AOSP-openjdk-cygwin\jdk8u\hotspot\src\share\vm\prims\jni.cpp, line 709]
Event: 20.897 Thread 0x000000001a7a3800 Exception <a 'sun/nio/fs/WindowsException'> (0x00000000e7a87e88) thrown at [D:\src\AOSP-openjdk-cygwin\jdk8u\hotspot\src\share\vm\prims\jni.cpp, line 709]
Event: 20.897 Thread 0x000000001a7a3800 Exception <a 'sun/nio/fs/WindowsException'> (0x00000000e7a89118) thrown at [D:\src\AOSP-openjdk-cygwin\jdk8u\hotspot\src\share\vm\prims\jni.cpp, line 709]

Events (10 events):
Event: 20.908 Thread 0x000000001a7a3800 DEOPT UNPACKING pc=0x0000000002ca557b sp=0x000000001bd29130 mode 2
Event: 20.908 Thread 0x000000001a7a3800 Uncommon trap: trap_request=0xffffffde fr.pc=0x0000000004364320
Event: 20.908 Thread 0x000000001a7a3800 DEOPT PACKING pc=0x0000000004364320 sp=0x000000001bd291e0
Event: 20.908 Thread 0x000000001a7a3800 DEOPT UNPACKING pc=0x0000000002ca557b sp=0x000000001bd29130 mode 2
Event: 20.908 Thread 0x000000001a7a3800 Uncommon trap: trap_request=0xffffffde fr.pc=0x0000000004364320
Event: 20.908 Thread 0x000000001a7a3800 DEOPT PACKING pc=0x0000000004364320 sp=0x000000001bd291e0
Event: 20.908 Thread 0x000000001a7a3800 DEOPT UNPACKING pc=0x0000000002ca557b sp=0x000000001bd29130 mode 2
Event: 20.908 Thread 0x000000001a7a3800 Uncommon trap: trap_request=0xffffffde fr.pc=0x0000000004364320
Event: 20.908 Thread 0x000000001a7a3800 DEOPT PACKING pc=0x0000000004364320 sp=0x000000001bd291e0
Event: 20.908 Thread 0x000000001a7a3800 DEOPT UNPACKING pc=0x0000000002ca557b sp=0x000000001bd29130 mode 2


Dynamic libraries:
0x00007ff695bd0000 - 0x00007ff695c01000 	C:\Program Files\Android\Android Studio\jre\bin\java.exe
0x00007ff97b9f0000 - 0x00007ff97bbd1000 	C:\Windows\SYSTEM32\ntdll.dll
0x00007ff979520000 - 0x00007ff9795d2000 	C:\Windows\System32\KERNEL32.DLL
0x00007ff978010000 - 0x00007ff978283000 	C:\Windows\System32\KERNELBASE.dll
0x00007ff979430000 - 0x00007ff9794d1000 	C:\Windows\System32\ADVAPI32.dll
0x00007ff9791f0000 - 0x00007ff97928e000 	C:\Windows\System32\msvcrt.dll
0x00007ff97b5c0000 - 0x00007ff97b61b000 	C:\Windows\System32\sechost.dll
0x00007ff978f70000 - 0x00007ff979094000 	C:\Windows\System32\RPCRT4.dll
0x00007ff97b3c0000 - 0x00007ff97b550000 	C:\Windows\System32\USER32.dll
0x00007ff978380000 - 0x00007ff9783a0000 	C:\Windows\System32\win32u.dll
0x00007ff97af40000 - 0x00007ff97af68000 	C:\Windows\System32\GDI32.dll
0x00007ff9783a0000 - 0x00007ff978532000 	C:\Windows\System32\gdi32full.dll
0x00007ff978290000 - 0x00007ff97832f000 	C:\Windows\System32\msvcp_win.dll
0x00007ff978d80000 - 0x00007ff978e7a000 	C:\Windows\System32\ucrtbase.dll
0x00007ff954080000 - 0x00007ff9542e9000 	C:\Windows\WinSxS\amd64_microsoft.windows.common-controls_6595b64144ccf1df_6.0.17134.285_none_fb4297e330656775\COMCTL32.dll
0x00007ff97b620000 - 0x00007ff97b943000 	C:\Windows\System32\combase.dll
0x00007ff978540000 - 0x00007ff9785ba000 	C:\Windows\System32\bcryptPrimitives.dll
0x00007ff9794f0000 - 0x00007ff97951d000 	C:\Windows\System32\IMM32.DLL
0x00000000558e0000 - 0x00000000559b2000 	C:\Program Files\Android\Android Studio\jre\jre\bin\msvcr100.dll
0x00000000559c0000 - 0x00000000561ff000 	C:\Program Files\Android\Android Studio\jre\jre\bin\server\jvm.dll
0x00007ff97b950000 - 0x00007ff97b958000 	C:\Windows\System32\PSAPI.DLL
0x00007ff96f500000 - 0x00007ff96f509000 	C:\Windows\SYSTEM32\WSOCK32.dll
0x00007ff975f90000 - 0x00007ff975fb3000 	C:\Windows\SYSTEM32\WINMM.dll
0x00007ff9700d0000 - 0x00007ff9700da000 	C:\Windows\SYSTEM32\VERSION.dll
0x00007ff97b550000 - 0x00007ff97b5bc000 	C:\Windows\System32\WS2_32.dll
0x00007ff975e40000 - 0x00007ff975e6a000 	C:\Windows\SYSTEM32\winmmbase.dll
0x00007ff978330000 - 0x00007ff978379000 	C:\Windows\System32\cfgmgr32.dll
0x00007ff96cf20000 - 0x00007ff96cf2f000 	C:\Program Files\Android\Android Studio\jre\jre\bin\verify.dll
0x00007ff945780000 - 0x00007ff9457a9000 	C:\Program Files\Android\Android Studio\jre\jre\bin\java.dll
0x00007ff94b470000 - 0x00007ff94b486000 	C:\Program Files\Android\Android Studio\jre\jre\bin\zip.dll
0x00007ff9795e0000 - 0x00007ff97aa20000 	C:\Windows\System32\SHELL32.dll
0x00007ff97aa20000 - 0x00007ff97aac9000 	C:\Windows\System32\shcore.dll
0x00007ff978670000 - 0x00007ff978d7d000 	C:\Windows\System32\windows.storage.dll
0x00007ff97b960000 - 0x00007ff97b9b1000 	C:\Windows\System32\shlwapi.dll
0x00007ff977da0000 - 0x00007ff977db1000 	C:\Windows\System32\kernel.appcore.dll
0x00007ff977d70000 - 0x00007ff977d8f000 	C:\Windows\System32\profapi.dll
0x00007ff977d20000 - 0x00007ff977d6c000 	C:\Windows\System32\powrprof.dll
0x00007ff977d90000 - 0x00007ff977d9a000 	C:\Windows\System32\FLTLIB.DLL
0x00007ff945da0000 - 0x00007ff945dba000 	C:\Program Files\Android\Android Studio\jre\jre\bin\net.dll
0x00007ff977520000 - 0x00007ff977586000 	C:\Windows\system32\mswsock.dll
0x00007ff93eb50000 - 0x00007ff93eb61000 	C:\Program Files\Android\Android Studio\jre\jre\bin\nio.dll
0x00007ff93d2e0000 - 0x00007ff93d2fe000 	C:\Users\Erick Rosete\.gradle\native\25\windows-amd64\native-platform.dll
0x00007ff969fd0000 - 0x00007ff969fdd000 	C:\Program Files\Android\Android Studio\jre\jre\bin\management.dll
0x00007ff977740000 - 0x00007ff977757000 	C:\Windows\SYSTEM32\CRYPTSP.dll
0x00007ff977100000 - 0x00007ff977133000 	C:\Windows\system32\rsaenh.dll
0x00007ff977860000 - 0x00007ff977885000 	C:\Windows\SYSTEM32\bcrypt.dll
0x00007ff977c30000 - 0x00007ff977c58000 	C:\Windows\SYSTEM32\USERENV.dll
0x00007ff977730000 - 0x00007ff97773b000 	C:\Windows\SYSTEM32\CRYPTBASE.dll
0x00007ff9772a0000 - 0x00007ff9772d8000 	C:\Windows\SYSTEM32\IPHLPAPI.DLL
0x00007ff9794e0000 - 0x00007ff9794e8000 	C:\Windows\System32\NSI.dll
0x00007ff9721f0000 - 0x00007ff972206000 	C:\Windows\SYSTEM32\dhcpcsvc6.DLL
0x00007ff9721d0000 - 0x00007ff9721ea000 	C:\Windows\SYSTEM32\dhcpcsvc.DLL

VM Arguments:
jvm_args: -Xmx1536M -Dfile.encoding=windows-1252 -Duser.country=US -Duser.language=en -Duser.variant 
java_command: org.gradle.launcher.daemon.bootstrap.GradleDaemon 4.1
java_class_path (initial): C:\Users\Erick Rosete\.gradle\wrapper\dists\gradle-4.1-all\bzyivzo6n839fup2jbap0tjew\gradle-4.1\lib\gradle-launcher-4.1.jar
Launcher Type: SUN_STANDARD

Environment Variables:
JAVA_HOME=C:\Program Files\Android\Android Studio\jre
CLASSPATH=C:\Users\Erick Rosete\flutter\app_nutricion\android\\gradle\wrapper\gradle-wrapper.jar
PATH=C:\Windows\system32;C:\Windows;C:\Windows\System32\Wbem;C:\Windows\System32\WindowsPowerShell\v1.0\;C:\Windows\System32\OpenSSH\;C:\Program Files\dotnet\;C:\Program Files\Microsoft SQL Server\130\Tools\Binn\;C:\Program Files\Microsoft VS Code\bin;C:\Program Files\Microsoft SQL Server\Client SDK\ODBC\130\Tools\Binn\;C:\Program Files (x86)\Microsoft SQL Server\140\Tools\Binn\;C:\Program Files\Microsoft SQL Server\140\Tools\Binn\;C:\Program Files\Microsoft SQL Server\140\DTS\Binn\;C:\Program Files\Git\cmd;C:\Program Files (x86)\Microsoft SQL Server\Client SDK\ODBC\130\Tools\Binn\;C:\Program Files (x86)\Microsoft SQL Server\140\DTS\Binn\;C:\Program Files (x86)\Microsoft SQL Server\140\Tools\Binn\ManagementStudio\;C:\Program Files\nodejs\;C:\Users\Erick Rosete\AppData\Local\Microsoft\WindowsApps;C:\src\flutter\bin;;C:\Users\Erick Rosete\AppData\Local\Programs\Microsoft VS Code\bin;C:\Users\Erick Rosete\AppData\Roaming\npm;C:\src\flutter\bin\mingit\cmd
USERNAME=Erick Rosete
OS=Windows_NT
PROCESSOR_IDENTIFIER=Intel64 Family 6 Model 60 Stepping 3, GenuineIntel



---------------  S Y S T E M  ---------------

OS: Windows 10.0 , 64 bit Build 17134 (10.0.17134.1)

CPU:total 8 (initial active 8) (4 cores per cpu, 2 threads per core) family 6 model 60 stepping 3, cmov, cx8, fxsr, mmx, sse, sse2, sse3, ssse3, sse4.1, sse4.2, popcnt, avx, avx2, aes, clmul, erms, lzcnt, ht, tsc, tscinvbit, bmi1, bmi2

Memory: 4k page, physical 8235872k(403472k free), swap 14567380k(2156k free)

vm_info: OpenJDK 64-Bit Server VM (25.152-b02) for windows-amd64 JRE (1.8.0_152-release-1024-b02), built by "builder" with MS VC++ 10.0 (VS2010)

time: Wed Oct 03 13:56:29 2018
elapsed time: 21 seconds (0d 0h 0m 21s)

